{"name":"sorting-demo","version":"1.0.0","hostname":"v8","pid":17886,"level":30,"msg":"Server started on 8088","time":"2021-12-14T13:38:58.720Z","v":0}
{"name":"sorting-demo","version":"1.0.0","hostname":"v8","pid":18031,"level":30,"msg":"Server started on 8088","time":"2021-12-14T13:39:10.158Z","v":0}
{"name":"sorting-demo","version":"1.0.0","hostname":"v8","pid":18031,"level":50,"msg":"Error on GET /search { body: {}, params: {}, query: {} }","time":"2021-12-14T13:39:28.277Z","v":0}
{"name":"sorting-demo","version":"1.0.0","hostname":"v8","pid":18031,"level":50,"msg":"Error on GET /search { body: {}, params: {}, query: {} }","time":"2021-12-14T13:39:28.277Z","v":0}
{"name":"sorting-demo","version":"1.0.0","hostname":"v8","pid":18758,"level":30,"msg":"Server started on 8088","time":"2021-12-14T13:40:00.177Z","v":0}
{"name":"sorting-demo","version":"1.0.0","hostname":"v8","pid":18758,"level":50,"msg":"Error on GET /search { body: {}, params: {}, query: {} }","time":"2021-12-14T13:40:02.020Z","v":0}
{"name":"sorting-demo","version":"1.0.0","hostname":"v8","pid":18758,"level":50,"msg":"Error on GET /search { body: {}, params: {}, query: {} }","time":"2021-12-14T13:40:02.020Z","v":0}
{"name":"sorting-demo","version":"1.0.0","hostname":"v8","pid":19550,"level":30,"msg":"Server started on 8088","time":"2021-12-14T13:41:16.863Z","v":0}
{"name":"sorting-demo","version":"1.0.0","hostname":"v8","pid":19550,"level":50,"msg":"Error on GET /search { body: {}, params: {}, query: {} }","time":"2021-12-14T13:41:18.984Z","v":0}
{"name":"sorting-demo","version":"1.0.0","hostname":"v8","pid":19550,"level":50,"msg":"Error on GET /search { body: {}, params: {}, query: {} }","time":"2021-12-14T13:41:18.984Z","v":0}
{"name":"sorting-demo","version":"1.0.0","hostname":"v8","pid":19745,"level":30,"msg":"Server started on 8088","time":"2021-12-14T13:41:32.638Z","v":0}
{"name":"sorting-demo","version":"1.0.0","hostname":"v8","pid":19745,"level":50,"msg":"Error on GET /search { body: {}, params: {}, query: {} }","time":"2021-12-14T13:41:38.479Z","v":0}
{"name":"sorting-demo","version":"1.0.0","hostname":"v8","pid":19745,"level":50,"msg":"Error on GET /search { body: {}, params: {}, query: {} }","time":"2021-12-14T13:41:38.479Z","v":0}
{"name":"sorting-demo","version":"1.0.0","hostname":"v8","pid":20001,"level":30,"msg":"Server started on 8088","time":"2021-12-14T13:41:45.480Z","v":0}
{"name":"sorting-demo","version":"1.0.0","hostname":"v8","pid":20088,"level":30,"msg":"Server started on 8088","time":"2021-12-14T13:41:50.096Z","v":0}
{"name":"sorting-demo","version":"1.0.0","hostname":"v8","pid":20088,"level":50,"msg":"Error on GET /search { body: {}, params: {}, query: {} }","time":"2021-12-14T13:41:53.012Z","v":0}
{"name":"sorting-demo","version":"1.0.0","hostname":"v8","pid":20088,"level":50,"msg":"Error on GET /search { body: {}, params: {}, query: {} }","time":"2021-12-14T13:41:53.012Z","v":0}
{"name":"sorting-demo","version":"1.0.0","hostname":"v8","pid":20638,"level":30,"msg":"Server started on 8088","time":"2021-12-14T13:43:00.219Z","v":0}
{"name":"sorting-demo","version":"1.0.0","hostname":"v8","pid":20638,"level":30,"msg":"Calling github url https://api.github.com/search/repositories/q%3Dundefined%26sort%3Dupdated%26order%3Dasc%26page%3D1%26per_page%3D20","time":"2021-12-14T13:43:02.097Z","v":0}
{"name":"sorting-demo","version":"1.0.0","hostname":"v8","pid":20638,"level":50,"msg":"Error on GET /search { body: {}, params: {}, query: {} }","time":"2021-12-14T13:43:02.726Z","v":0}
{"name":"sorting-demo","version":"1.0.0","hostname":"v8","pid":20638,"level":50,"msg":"Error on GET /search { body: {}, params: {}, query: {} }","time":"2021-12-14T13:43:02.726Z","v":0}
{"name":"sorting-demo","version":"1.0.0","hostname":"v8","pid":20876,"level":30,"msg":"Server started on 8088","time":"2021-12-14T13:43:26.787Z","v":0}
{"name":"sorting-demo","version":"1.0.0","hostname":"v8","pid":20876,"level":30,"msg":"Calling github url https://api.github.com/search/repositories/q=undefined&sort=updated&order=asc&page=1&per_page=20","time":"2021-12-14T13:43:28.820Z","v":0}
{"name":"sorting-demo","version":"1.0.0","hostname":"v8","pid":20876,"level":50,"msg":"Error on GET /search { body: {}, params: {}, query: {} }","time":"2021-12-14T13:43:29.365Z","v":0}
{"name":"sorting-demo","version":"1.0.0","hostname":"v8","pid":20876,"level":50,"msg":"Error on GET /search { body: {}, params: {}, query: {} }","time":"2021-12-14T13:43:29.365Z","v":0}
{"name":"sorting-demo","version":"1.0.0","hostname":"v8","pid":21191,"level":30,"msg":"Server started on 8088","time":"2021-12-14T13:43:49.617Z","v":0}
{"name":"sorting-demo","version":"1.0.0","hostname":"v8","pid":21385,"level":30,"msg":"Server started on 8088","time":"2021-12-14T13:44:03.930Z","v":0}
{"name":"sorting-demo","version":"1.0.0","hostname":"v8","pid":21385,"level":30,"msg":"Calling github url https://api.github.com/search/repositories?q=undefined&sort=updated&order=asc&page=1&per_page=20","time":"2021-12-14T13:44:19.031Z","v":0}
{"name":"sorting-demo","version":"1.0.0","hostname":"v8","pid":21385,"level":30,"msg":"Calling github url https://api.github.com/search/repositories?q=undefined&sort=updated&order=asc&page=1&per_page=20","time":"2021-12-14T13:44:56.875Z","v":0}
{"name":"sorting-demo","version":"1.0.0","hostname":"v8","pid":22221,"level":30,"msg":"Server started on 8088","time":"2021-12-14T13:45:22.444Z","v":0}
{"name":"sorting-demo","version":"1.0.0","hostname":"v8","pid":22221,"level":30,"msg":"Calling github url https://api.github.com/search/repositories?q=undefined&sort=updated&order=asc&page=1&per_page=2","time":"2021-12-14T13:45:25.957Z","v":0}
{"name":"sorting-demo","version":"1.0.0","hostname":"v8","pid":9922,"level":30,"msg":"Server started on 8088","time":"2021-12-14T14:34:28.626Z","v":0}
{"name":"sorting-demo","version":"1.0.0","hostname":"v8","pid":9922,"level":50,"msg":"Error on GET /?search=uiui&topic=&includes=&user=&org=&forks=%3E0&stars=%3E0&language=&sort=updated&order=asc&page=1&per_page=2 {\n  body: {},\n  params: {},\n  query: {\n    search: 'uiui',\n    topic: '',\n    includes: '',\n    user: '',\n    org: '',\n    forks: '>0',\n    stars: '>0',\n    language: '',\n    sort: 'updated',\n    order: 'asc',\n    page: '1',\n    per_page: '2'\n  }\n}","time":"2021-12-14T14:34:34.755Z","v":0}
{"name":"sorting-demo","version":"1.0.0","hostname":"v8","pid":9922,"level":50,"msg":"Error on GET /?search=uiui&topic=&includes=&user=&org=&forks=%3E0&stars=%3E0&language=&sort=updated&order=asc&page=1&per_page=2 {\n  body: {},\n  params: {},\n  query: {\n    search: 'uiui',\n    topic: '',\n    includes: '',\n    user: '',\n    org: '',\n    forks: '>0',\n    stars: '>0',\n    language: '',\n    sort: 'updated',\n    order: 'asc',\n    page: '1',\n    per_page: '2'\n  }\n}","time":"2021-12-14T14:34:34.755Z","v":0}
{"name":"sorting-demo","version":"1.0.0","hostname":"v8","pid":9922,"level":30,"msg":"Calling github url https://api.github.com/search/repositories?q=undefined&sort=updated&order=asc&page=1&per_page=2","time":"2021-12-14T14:34:55.061Z","v":0}
{"name":"sorting-demo","version":"1.0.0","hostname":"v8","pid":9922,"level":30,"msg":"Calling github url https://api.github.com/search/repositories?q=undefined&sort=updated&order=asc&page=1&per_page=2","time":"2021-12-14T14:35:37.384Z","v":0}
{"name":"sorting-demo","version":"1.0.0","hostname":"v8","pid":9922,"level":30,"msg":"Calling github url https://api.github.com/search/repositories?q=undefined&sort=updated&order=asc&page=1&per_page=2","time":"2021-12-14T14:36:02.617Z","v":0}
{"name":"sorting-demo","version":"1.0.0","hostname":"v8","pid":9922,"level":30,"msg":"Calling github url https://api.github.com/search/repositories?q=undefined&sort=updated&order=asc&page=1&per_page=2","time":"2021-12-14T14:36:55.834Z","v":0}
{"name":"sorting-demo","version":"1.0.0","hostname":"v8","pid":9922,"level":30,"msg":"Calling github url https://api.github.com/search/repositories?q=undefined&sort=updated&order=asc&page=1&per_page=2","time":"2021-12-14T14:38:05.435Z","v":0}
{"name":"sorting-demo","version":"1.0.0","hostname":"v8","pid":9922,"level":30,"msg":"Calling github url https://api.github.com/search/repositories?q=undefined&sort=updated&order=asc&page=1&per_page=2","time":"2021-12-14T14:38:47.881Z","v":0}
{"name":"sorting-demo","version":"1.0.0","hostname":"v8","pid":9922,"level":30,"msg":"Calling github url https://api.github.com/search/repositories?q=undefined&sort=updated&order=asc&page=1&per_page=2","time":"2021-12-14T14:39:59.057Z","v":0}
{"name":"sorting-demo","version":"1.0.0","hostname":"v8","pid":9922,"level":30,"msg":"Calling github url https://api.github.com/search/repositories?q=undefined&sort=updated&order=asc&page=1&per_page=2","time":"2021-12-14T14:40:18.023Z","v":0}
{"name":"sorting-demo","version":"1.0.0","hostname":"v8","pid":9922,"level":30,"msg":"Calling github url https://api.github.com/search/repositories?q=undefined&sort=updated&order=asc&page=1&per_page=2","time":"2021-12-14T14:40:59.666Z","v":0}
{"name":"sorting-demo","version":"1.0.0","hostname":"v8","pid":13124,"level":30,"msg":"Server started on 8088","time":"2021-12-14T14:41:38.773Z","v":0}
{"name":"sorting-demo","version":"1.0.0","hostname":"v8","pid":13124,"level":30,"msg":"Calling github url https://api.github.com/search/repositories?q=undefined&sort=updated&order=asc&page=1&per_page=2","time":"2021-12-14T14:41:43.298Z","v":0}
{"name":"sorting-demo","version":"1.0.0","hostname":"v8","pid":13124,"level":30,"msg":"Calling github url https://api.github.com/search/repositories?q=undefined&sort=updated&order=asc&page=1&per_page=2","time":"2021-12-14T14:42:19.316Z","v":0}
{"name":"sorting-demo","version":"1.0.0","hostname":"v8","pid":13124,"level":30,"msg":"Calling github url https://api.github.com/search/repositories?q=undefined&sort=updated&order=asc&page=1&per_page=2","time":"2021-12-14T14:43:12.856Z","v":0}
{"name":"sorting-demo","version":"1.0.0","hostname":"v8","pid":13124,"level":30,"msg":"Calling github url https://api.github.com/search/repositories?q=undefined&sort=updated&order=asc&page=1&per_page=2","time":"2021-12-14T14:43:14.996Z","v":0}
{"name":"sorting-demo","version":"1.0.0","hostname":"v8","pid":13124,"level":30,"msg":"Calling github url https://api.github.com/search/repositories?q=undefined&sort=updated&order=asc&page=1&per_page=2","time":"2021-12-14T14:45:42.727Z","v":0}
{"name":"sorting-demo","version":"1.0.0","hostname":"v8","pid":13124,"level":30,"msg":"Calling github url https://api.github.com/search/repositories?q=undefined&sort=updated&order=asc&page=1&per_page=2","time":"2021-12-14T14:45:51.249Z","v":0}
{"name":"sorting-demo","version":"1.0.0","hostname":"v8","pid":13124,"level":30,"msg":"Calling github url https://api.github.com/search/repositories?q=undefined&sort=updated&order=asc&page=1&per_page=2","time":"2021-12-14T14:46:38.342Z","v":0}
{"name":"sorting-demo","version":"1.0.0","hostname":"v8","pid":13124,"level":30,"msg":"Calling github url https://api.github.com/search/repositories?q=undefined&sort=updated&order=asc&page=1&per_page=2","time":"2021-12-14T14:57:37.717Z","v":0}
{"name":"sorting-demo","version":"1.0.0","hostname":"v8","pid":13124,"level":30,"msg":"Calling github url https://api.github.com/search/repositories?q=undefined&sort=updated&order=asc&page=1&per_page=2","time":"2021-12-14T14:58:13.187Z","v":0}
{"name":"sorting-demo","version":"1.0.0","hostname":"v8","pid":13124,"level":30,"msg":"Calling github url https://api.github.com/search/repositories?q=undefined&sort=updated&order=asc&page=1&per_page=2","time":"2021-12-14T14:58:32.330Z","v":0}
{"name":"sorting-demo","version":"1.0.0","hostname":"v8","pid":13124,"level":30,"msg":"Calling github url https://api.github.com/search/repositories?q=undefined&sort=updated&order=asc&page=1&per_page=2","time":"2021-12-14T14:58:50.888Z","v":0}
{"name":"sorting-demo","version":"1.0.0","hostname":"v8","pid":13124,"level":30,"msg":"Calling github url https://api.github.com/search/repositories?q=undefined&sort=updated&order=asc&page=1&per_page=2","time":"2021-12-14T14:59:02.575Z","v":0}
{"name":"sorting-demo","version":"1.0.0","hostname":"v8","pid":13124,"level":30,"msg":"Calling github url https://api.github.com/search/repositories?q=undefined&sort=updated&order=asc&page=1&per_page=2","time":"2021-12-14T14:59:03.600Z","v":0}
{"name":"sorting-demo","version":"1.0.0","hostname":"v8","pid":13124,"level":30,"msg":"Calling github url https://api.github.com/search/repositories?q=undefined&sort=updated&order=asc&page=1&per_page=2","time":"2021-12-14T14:59:04.053Z","v":0}
{"name":"sorting-demo","version":"1.0.0","hostname":"v8","pid":13124,"level":30,"msg":"Calling github url https://api.github.com/search/repositories?q=undefined&sort=updated&order=asc&page=1&per_page=2","time":"2021-12-14T14:59:04.294Z","v":0}
{"name":"sorting-demo","version":"1.0.0","hostname":"v8","pid":13124,"level":30,"msg":"Calling github url https://api.github.com/search/repositories?q=undefined&sort=updated&order=asc&page=1&per_page=2","time":"2021-12-14T14:59:04.483Z","v":0}
{"name":"sorting-demo","version":"1.0.0","hostname":"v8","pid":13124,"level":30,"msg":"Calling github url https://api.github.com/search/repositories?q=undefined&sort=updated&order=asc&page=1&per_page=2","time":"2021-12-14T14:59:22.630Z","v":0}
{"name":"sorting-demo","version":"1.0.0","hostname":"v8","pid":13124,"level":30,"msg":"Calling github url https://api.github.com/search/repositories?q=undefined&sort=updated&order=asc&page=1&per_page=2","time":"2021-12-14T15:32:03.845Z","v":0}
{"name":"sorting-demo","version":"1.0.0","hostname":"v8","pid":13124,"level":30,"msg":"Calling github url https://api.github.com/search/repositories?q=undefined&sort=updated&order=asc&page=1&per_page=2","time":"2021-12-14T15:32:22.555Z","v":0}
{"name":"sorting-demo","version":"1.0.0","hostname":"v8","pid":1657,"level":30,"msg":"Server started on 8088","time":"2021-12-14T15:53:54.837Z","v":0}
{"name":"sorting-demo","version":"1.0.0","hostname":"v8","pid":1657,"level":30,"msg":"Calling github url https://api.github.com/search/repositories?q=undefined&sort=updated&order=asc&page=1&per_page=2","time":"2021-12-14T15:53:58.855Z","v":0}
{"name":"sorting-demo","version":"1.0.0","hostname":"v8","pid":1657,"level":30,"msg":"Calling github url https://api.github.com/search/repositories?q=undefined&sort=updated&order=asc&page=1&per_page=2","time":"2021-12-14T15:54:23.189Z","v":0}
{"name":"sorting-demo","version":"1.0.0","hostname":"v8","pid":1657,"level":30,"msg":"Calling github url https://api.github.com/search/repositories?q=undefined&sort=updated&order=asc&page=1&per_page=2","time":"2021-12-14T15:54:34.922Z","v":0}
{"name":"sorting-demo","version":"1.0.0","hostname":"v8","pid":1657,"level":30,"msg":"Calling github url https://api.github.com/search/repositories?q=undefined&sort=updated&order=asc&page=1&per_page=2","time":"2021-12-14T15:55:03.988Z","v":0}
{"name":"sorting-demo","version":"1.0.0","hostname":"v8","pid":1657,"level":30,"msg":"Calling github url https://api.github.com/search/repositories?q=undefined&sort=updated&order=asc&page=1&per_page=2","time":"2021-12-14T15:55:35.618Z","v":0}
{"name":"sorting-demo","version":"1.0.0","hostname":"v8","pid":1657,"level":30,"msg":"Calling github url https://api.github.com/search/repositories?q=undefined&sort=updated&order=asc&page=1&per_page=2","time":"2021-12-14T15:55:58.348Z","v":0}
{"name":"sorting-demo","version":"1.0.0","hostname":"v8","pid":1657,"level":30,"msg":"Calling github url https://api.github.com/search/repositories?q=undefined&sort=updated&order=asc&page=1&per_page=2","time":"2021-12-14T15:56:57.057Z","v":0}
{"name":"sorting-demo","version":"1.0.0","hostname":"v8","pid":1657,"level":30,"msg":"Calling github url https://api.github.com/search/repositories?q=undefined&sort=updated&order=asc&page=1&per_page=2","time":"2021-12-14T15:57:14.445Z","v":0}
{"name":"sorting-demo","version":"1.0.0","hostname":"v8","pid":1657,"level":30,"msg":"Calling github url https://api.github.com/search/repositories?q=undefined&sort=updated&order=asc&page=1&per_page=2","time":"2021-12-14T15:57:41.469Z","v":0}
{"name":"sorting-demo","version":"1.0.0","hostname":"v8","pid":1657,"level":30,"msg":"Calling github url https://api.github.com/search/repositories?q=undefined&sort=updated&order=asc&page=1&per_page=2","time":"2021-12-14T15:58:29.797Z","v":0}
{"name":"sorting-demo","version":"1.0.0","hostname":"v8","pid":1657,"level":30,"msg":"Calling github url https://api.github.com/search/repositories?q=undefined&sort=updated&order=asc&page=1&per_page=2","time":"2021-12-14T16:06:21.002Z","v":0}
{"name":"sorting-demo","version":"1.0.0","hostname":"v8","pid":1657,"level":30,"msg":"Calling github url https://api.github.com/search/repositories?q=undefined&sort=updated&order=asc&page=1&per_page=2","time":"2021-12-14T16:06:27.349Z","v":0}
{"name":"sorting-demo","version":"1.0.0","hostname":"v8","pid":1657,"level":30,"msg":"Calling github url https://api.github.com/search/repositories?q=undefined&sort=updated&order=asc&page=1&per_page=2","time":"2021-12-14T16:06:35.502Z","v":0}
{"name":"sorting-demo","version":"1.0.0","hostname":"v8","pid":1657,"level":30,"msg":"Calling github url https://api.github.com/search/repositories?q=undefined&sort=updated&order=asc&page=1&per_page=2","time":"2021-12-14T16:07:03.017Z","v":0}
{"name":"sorting-demo","version":"1.0.0","hostname":"v8","pid":1657,"level":30,"msg":"Calling github url https://api.github.com/search/repositories?q=undefined&sort=updated&order=asc&page=1&per_page=2","time":"2021-12-14T16:07:47.052Z","v":0}
{"name":"sorting-demo","version":"1.0.0","hostname":"v8","pid":1657,"level":30,"msg":"Calling github url https://api.github.com/search/repositories?q=undefined&sort=updated&order=asc&page=1&per_page=2","time":"2021-12-14T16:07:59.793Z","v":0}
{"name":"sorting-demo","version":"1.0.0","hostname":"v8","pid":1657,"level":30,"msg":"Calling github url https://api.github.com/search/repositories?q=undefined&sort=updated&order=asc&page=1&per_page=2","time":"2021-12-14T16:12:40.863Z","v":0}
{"name":"sorting-demo","version":"1.0.0","hostname":"v8","pid":1657,"level":30,"msg":"Calling github url https://api.github.com/search/repositories?q=undefined&sort=updated&order=asc&page=1&per_page=2","time":"2021-12-14T16:13:09.487Z","v":0}
{"name":"sorting-demo","version":"1.0.0","hostname":"v8","pid":1657,"level":30,"msg":"Calling github url https://api.github.com/search/repositories?q=undefined&sort=updated&order=asc&page=1&per_page=2","time":"2021-12-14T16:16:01.795Z","v":0}
{"name":"sorting-demo","version":"1.0.0","hostname":"v8","pid":1657,"level":30,"msg":"Calling github url https://api.github.com/search/repositories?q=undefined&sort=updated&order=asc&page=1&per_page=2","time":"2021-12-14T16:26:10.126Z","v":0}
{"name":"sorting-demo","version":"1.0.0","hostname":"v8","pid":1657,"level":30,"msg":"Calling github url https://api.github.com/search/repositories?q=undefined&sort=updated&order=asc&page=1&per_page=2","time":"2021-12-14T16:27:06.872Z","v":0}
{"name":"sorting-demo","version":"1.0.0","hostname":"v8","pid":1657,"level":30,"msg":"Calling github url https://api.github.com/search/repositories?q=undefined&sort=updated&order=asc&page=1&per_page=2","time":"2021-12-14T16:27:32.159Z","v":0}
{"name":"sorting-demo","version":"1.0.0","hostname":"v8","pid":1657,"level":30,"msg":"Calling github url https://api.github.com/search/repositories?q=undefined&sort=updated&order=asc&page=1&per_page=2","time":"2021-12-14T16:28:10.982Z","v":0}
{"name":"sorting-demo","version":"1.0.0","hostname":"v8","pid":1657,"level":30,"msg":"Calling github url https://api.github.com/search/repositories?q=undefined&sort=updated&order=asc&page=1&per_page=2","time":"2021-12-14T16:39:22.201Z","v":0}
{"name":"sorting-demo","version":"1.0.0","hostname":"v8","pid":1657,"level":30,"msg":"Calling github url https://api.github.com/search/repositories?q=undefined&sort=updated&order=asc&page=1&per_page=2","time":"2021-12-14T16:39:35.270Z","v":0}
{"name":"sorting-demo","version":"1.0.0","hostname":"v8","pid":1657,"level":30,"msg":"Calling github url https://api.github.com/search/repositories?q=undefined&sort=updated&order=asc&page=1&per_page=2","time":"2021-12-14T16:39:37.871Z","v":0}
{"name":"sorting-demo","version":"1.0.0","hostname":"v8","pid":1657,"level":30,"msg":"Calling github url https://api.github.com/search/repositories?q=undefined&sort=updated&order=asc&page=1&per_page=2","time":"2021-12-14T16:39:58.739Z","v":0}
{"name":"sorting-demo","version":"1.0.0","hostname":"v8","pid":1657,"level":30,"msg":"Calling github url https://api.github.com/search/repositories?q=undefined&sort=updated&order=asc&page=1&per_page=2","time":"2021-12-14T16:40:02.314Z","v":0}
{"name":"sorting-demo","version":"1.0.0","hostname":"v8","pid":1657,"level":30,"msg":"Calling github url https://api.github.com/search/repositories?q=undefined&sort=updated&order=asc&page=1&per_page=2","time":"2021-12-14T16:40:27.101Z","v":0}
{"name":"sorting-demo","version":"1.0.0","hostname":"v8","pid":1657,"level":30,"msg":"Calling github url https://api.github.com/search/repositories?q=undefined&sort=updated&order=asc&page=1&per_page=2","time":"2021-12-14T16:49:04.748Z","v":0}
{"name":"sorting-demo","version":"1.0.0","hostname":"v8","pid":1657,"level":30,"msg":"Calling github url https://api.github.com/search/repositories?q=undefined&sort=updated&order=asc&page=1&per_page=2","time":"2021-12-14T16:51:23.033Z","v":0}
{"name":"sorting-demo","version":"1.0.0","hostname":"v8","pid":1657,"level":30,"msg":"Calling github url https://api.github.com/search/repositories?q=undefined&sort=updated&order=asc&page=1&per_page=2","time":"2021-12-14T17:02:15.800Z","v":0}
{"name":"sorting-demo","version":"1.0.0","hostname":"v8","pid":1657,"level":30,"msg":"Calling github url https://api.github.com/search/repositories?q=undefined&sort=updated&order=asc&page=1&per_page=2","time":"2021-12-14T17:05:28.746Z","v":0}
{"name":"sorting-demo","version":"1.0.0","hostname":"v8","pid":1657,"level":30,"msg":"Calling github url https://api.github.com/search/repositories?q=undefined&sort=updated&order=asc&page=1&per_page=2","time":"2021-12-14T17:06:09.294Z","v":0}
{"name":"sorting-demo","version":"1.0.0","hostname":"v8","pid":1657,"level":30,"msg":"Calling github url https://api.github.com/search/repositories?q=undefined&sort=updated&order=asc&page=1&per_page=2","time":"2021-12-14T17:07:13.010Z","v":0}
{"name":"sorting-demo","version":"1.0.0","hostname":"v8","pid":1657,"level":30,"msg":"Calling github url https://api.github.com/search/repositories?q=undefined&sort=updated&order=asc&page=1&per_page=2","time":"2021-12-14T17:07:37.561Z","v":0}
{"name":"sorting-demo","version":"1.0.0","hostname":"v8","pid":1657,"level":30,"msg":"Calling github url https://api.github.com/search/repositories?q=undefined&sort=updated&order=asc&page=1&per_page=2","time":"2021-12-14T17:08:29.644Z","v":0}
{"name":"sorting-demo","version":"1.0.0","hostname":"v8","pid":1657,"level":30,"msg":"Calling github url https://api.github.com/search/repositories?q=undefined&sort=updated&order=asc&page=1&per_page=2","time":"2021-12-14T17:08:30.966Z","v":0}
{"name":"sorting-demo","version":"1.0.0","hostname":"v8","pid":1657,"level":30,"msg":"Calling github url https://api.github.com/search/repositories?q=undefined&sort=updated&order=asc&page=1&per_page=2","time":"2021-12-14T17:09:05.497Z","v":0}
{"name":"sorting-demo","version":"1.0.0","hostname":"v8","pid":1657,"level":30,"msg":"Calling github url https://api.github.com/search/repositories?q=undefined&sort=updated&order=asc&page=1&per_page=2","time":"2021-12-14T17:09:09.429Z","v":0}
{"name":"sorting-demo","version":"1.0.0","hostname":"v8","pid":1657,"level":30,"msg":"Calling github url https://api.github.com/search/repositories?q=undefined&sort=updated&order=asc&page=1&per_page=2","time":"2021-12-14T17:12:48.765Z","v":0}
{"name":"sorting-demo","version":"1.0.0","hostname":"v8","pid":1657,"level":30,"msg":"Calling github url https://api.github.com/search/repositories?q=undefined&sort=updated&order=asc&page=1&per_page=2","time":"2021-12-14T17:13:52.765Z","v":0}
{"name":"sorting-demo","version":"1.0.0","hostname":"v8","pid":1657,"level":30,"msg":"Calling github url https://api.github.com/search/repositories?q=undefined&sort=updated&order=asc&page=1&per_page=2","time":"2021-12-14T17:21:04.939Z","v":0}
{"name":"sorting-demo","version":"1.0.0","hostname":"v8","pid":1657,"level":30,"msg":"Calling github url https://api.github.com/search/repositories?q=undefined&sort=updated&order=asc&page=1&per_page=2","time":"2021-12-14T17:21:11.130Z","v":0}
{"name":"sorting-demo","version":"1.0.0","hostname":"v8","pid":1657,"level":30,"msg":"Calling github url https://api.github.com/search/repositories?q=undefined&sort=updated&order=asc&page=1&per_page=2","time":"2021-12-14T17:21:55.333Z","v":0}
{"name":"sorting-demo","version":"1.0.0","hostname":"v8","pid":1657,"level":30,"msg":"Calling github url https://api.github.com/search/repositories?q=undefined&sort=updated&order=asc&page=1&per_page=2","time":"2021-12-14T17:22:11.275Z","v":0}
{"name":"sorting-demo","version":"1.0.0","hostname":"v8","pid":1657,"level":30,"msg":"Calling github url https://api.github.com/search/repositories?q=undefined&sort=updated&order=asc&page=1&per_page=2","time":"2021-12-14T17:22:16.488Z","v":0}
{"name":"sorting-demo","version":"1.0.0","hostname":"v8","pid":1657,"level":30,"msg":"Calling github url https://api.github.com/search/repositories?q=undefined&sort=updated&order=asc&page=1&per_page=2","time":"2021-12-14T17:22:40.169Z","v":0}
{"name":"sorting-demo","version":"1.0.0","hostname":"v8","pid":1657,"level":30,"msg":"Calling github url https://api.github.com/search/repositories?q=undefined&sort=updated&order=asc&page=1&per_page=2","time":"2021-12-14T17:29:52.778Z","v":0}
{"name":"sorting-demo","version":"1.0.0","hostname":"v8","pid":1657,"level":30,"msg":"Calling github url https://api.github.com/search/repositories?q=undefined&sort=updated&order=asc&page=1&per_page=2","time":"2021-12-14T17:30:19.292Z","v":0}
{"name":"sorting-demo","version":"1.0.0","hostname":"v8","pid":1657,"level":30,"msg":"Calling github url https://api.github.com/search/repositories?q=undefined&sort=updated&order=asc&page=1&per_page=2","time":"2021-12-14T17:30:21.250Z","v":0}
{"name":"sorting-demo","version":"1.0.0","hostname":"v8","pid":1657,"level":30,"msg":"Calling github url https://api.github.com/search/repositories?q=undefined&sort=updated&order=asc&page=1&per_page=2","time":"2021-12-14T17:31:00.518Z","v":0}
{"name":"sorting-demo","version":"1.0.0","hostname":"v8","pid":1657,"level":30,"msg":"Calling github url https://api.github.com/search/repositories?q=undefined&sort=updated&order=asc&page=1&per_page=2","time":"2021-12-14T17:31:03.873Z","v":0}
{"name":"sorting-demo","version":"1.0.0","hostname":"v8","pid":1657,"level":30,"msg":"Calling github url https://api.github.com/search/repositories?q=undefined&sort=updated&order=asc&page=1&per_page=2","time":"2021-12-14T17:51:22.450Z","v":0}
{"name":"sorting-demo","version":"1.0.0","hostname":"v8","pid":21776,"level":30,"msg":"Server started on 8088","time":"2021-12-14T17:51:47.112Z","v":0}
{"name":"sorting-demo","version":"1.0.0","hostname":"v8","pid":21776,"level":30,"msg":"Calling github url https://api.github.com/search/repositories?q=undefined&sort=updated&order=asc&page=1&per_page=2","time":"2021-12-14T17:51:54.394Z","v":0}
{"name":"sorting-demo","version":"1.0.0","hostname":"v8","pid":22326,"level":30,"msg":"Server started on 8088","time":"2021-12-14T17:53:04.629Z","v":0}
{"name":"sorting-demo","version":"1.0.0","hostname":"v8","pid":22326,"level":30,"msg":"Calling github url https://api.github.com/search/repositories?q=undefined&sort=updated&order=asc&page=1&per_page=2","time":"2021-12-14T17:53:07.161Z","v":0}
{"name":"sorting-demo","version":"1.0.0","hostname":"v8","pid":22477,"level":30,"msg":"Server started on 8088","time":"2021-12-14T17:53:24.087Z","v":0}
{"name":"sorting-demo","version":"1.0.0","hostname":"v8","pid":22477,"level":30,"msg":"Calling github url https://api.github.com/search/repositories?q=undefined&sort=updated&order=asc&page=1&per_page=2","time":"2021-12-14T17:53:26.900Z","v":0}
{"name":"sorting-demo","version":"1.0.0","hostname":"v8","pid":22602,"level":30,"msg":"Server started on 8088","time":"2021-12-14T17:53:41.760Z","v":0}
{"name":"sorting-demo","version":"1.0.0","hostname":"v8","pid":22602,"level":30,"msg":"Calling github url https://api.github.com/search/repositories?q=topic:namein:readmeforks:0stars:0&sort=updated&order=asc&page=1&per_page=2","time":"2021-12-14T17:53:44.454Z","v":0}
{"name":"sorting-demo","version":"1.0.0","hostname":"v8","pid":22901,"level":30,"msg":"Server started on 8088","time":"2021-12-14T17:54:19.187Z","v":0}
{"name":"sorting-demo","version":"1.0.0","hostname":"v8","pid":23048,"level":30,"msg":"Server started on 8088","time":"2021-12-14T17:54:42.890Z","v":0}
{"name":"sorting-demo","version":"1.0.0","hostname":"v8","pid":23048,"level":30,"msg":"Calling github url https://api.github.com/search/repositories?q=&topic:name&in:readme&forks:0&stars:0&sort=updated&order=asc&page=1&per_page=2","time":"2021-12-14T17:54:46.982Z","v":0}
{"name":"sorting-demo","version":"1.0.0","hostname":"v8","pid":23048,"level":50,"msg":"Error on GET /search?search=&topic=name&includes=readme&user=&org=&forks=0&stars=0&language=&sort=updated&order=asc&page=1&per_page=2 {\n  body: {},\n  params: {},\n  query: {\n    search: '',\n    topic: 'name',\n    includes: 'readme',\n    user: '',\n    org: '',\n    forks: '0',\n    stars: '0',\n    language: '',\n    sort: 'updated',\n    order: 'asc',\n    page: '1',\n    per_page: '2'\n  }\n}","time":"2021-12-14T17:54:47.579Z","v":0}
{"name":"sorting-demo","version":"1.0.0","hostname":"v8","pid":23048,"level":50,"msg":"Error on GET /search?search=&topic=name&includes=readme&user=&org=&forks=0&stars=0&language=&sort=updated&order=asc&page=1&per_page=2 {\n  body: {},\n  params: {},\n  query: {\n    search: '',\n    topic: 'name',\n    includes: 'readme',\n    user: '',\n    org: '',\n    forks: '0',\n    stars: '0',\n    language: '',\n    sort: 'updated',\n    order: 'asc',\n    page: '1',\n    per_page: '2'\n  }\n}","time":"2021-12-14T17:54:47.579Z","v":0}
{"name":"sorting-demo","version":"1.0.0","hostname":"v8","pid":23465,"level":30,"msg":"Server started on 8088","time":"2021-12-14T17:55:36.940Z","v":0}
{"name":"sorting-demo","version":"1.0.0","hostname":"v8","pid":23465,"level":30,"msg":"Calling github url https://api.github.com/search/repositories?q=&topic:name&in:readme&forks:>=0&stars:>=0&sort=updated&order=asc&page=1&per_page=2","time":"2021-12-14T17:55:41.748Z","v":0}
{"name":"sorting-demo","version":"1.0.0","hostname":"v8","pid":23465,"level":50,"msg":"Error on GET /search?search=&topic=name&includes=readme&user=&org=&forks=0&stars=0&language=&sort=updated&order=asc&page=1&per_page=2 {\n  body: {},\n  params: {},\n  query: {\n    search: '',\n    topic: 'name',\n    includes: 'readme',\n    user: '',\n    org: '',\n    forks: '0',\n    stars: '0',\n    language: '',\n    sort: 'updated',\n    order: 'asc',\n    page: '1',\n    per_page: '2'\n  }\n}","time":"2021-12-14T17:55:42.172Z","v":0}
{"name":"sorting-demo","version":"1.0.0","hostname":"v8","pid":23465,"level":50,"msg":"Error on GET /search?search=&topic=name&includes=readme&user=&org=&forks=0&stars=0&language=&sort=updated&order=asc&page=1&per_page=2 {\n  body: {},\n  params: {},\n  query: {\n    search: '',\n    topic: 'name',\n    includes: 'readme',\n    user: '',\n    org: '',\n    forks: '0',\n    stars: '0',\n    language: '',\n    sort: 'updated',\n    order: 'asc',\n    page: '1',\n    per_page: '2'\n  }\n}","time":"2021-12-14T17:55:42.172Z","v":0}
{"name":"sorting-demo","version":"1.0.0","hostname":"v8","pid":24086,"level":30,"msg":"Server started on 8088","time":"2021-12-14T17:56:49.623Z","v":0}
{"name":"sorting-demo","version":"1.0.0","hostname":"v8","pid":24086,"level":30,"msg":"Calling github url https://api.github.com/search/repositories&topic:name&in:readme&forks:>=0&stars:>=0&sort=updated&order=asc&page=1&per_page=2","time":"2021-12-14T17:56:52.123Z","v":0}
{"name":"sorting-demo","version":"1.0.0","hostname":"v8","pid":24086,"level":50,"msg":"Error on GET /search?search=&topic=name&includes=readme&user=&org=&forks=0&stars=0&language=&sort=updated&order=asc&page=1&per_page=2 {\n  body: {},\n  params: {},\n  query: {\n    search: '',\n    topic: 'name',\n    includes: 'readme',\n    user: '',\n    org: '',\n    forks: '0',\n    stars: '0',\n    language: '',\n    sort: 'updated',\n    order: 'asc',\n    page: '1',\n    per_page: '2'\n  }\n}","time":"2021-12-14T17:56:52.546Z","v":0}
{"name":"sorting-demo","version":"1.0.0","hostname":"v8","pid":24086,"level":50,"msg":"Error on GET /search?search=&topic=name&includes=readme&user=&org=&forks=0&stars=0&language=&sort=updated&order=asc&page=1&per_page=2 {\n  body: {},\n  params: {},\n  query: {\n    search: '',\n    topic: 'name',\n    includes: 'readme',\n    user: '',\n    org: '',\n    forks: '0',\n    stars: '0',\n    language: '',\n    sort: 'updated',\n    order: 'asc',\n    page: '1',\n    per_page: '2'\n  }\n}","time":"2021-12-14T17:56:52.546Z","v":0}
{"name":"sorting-demo","version":"1.0.0","hostname":"v8","pid":24450,"level":30,"msg":"Server started on 8088","time":"2021-12-14T17:57:48.750Z","v":0}
{"name":"sorting-demo","version":"1.0.0","hostname":"v8","pid":24450,"level":30,"msg":"Calling github url https://api.github.com/search/repositories?=topic:name&in:readme&forks:>=0&stars:>=0&sort=updated&order=asc&page=1&per_page=2","time":"2021-12-14T17:57:51.432Z","v":0}
{"name":"sorting-demo","version":"1.0.0","hostname":"v8","pid":24450,"level":50,"msg":"Error on GET /search?search=&topic=name&includes=readme&user=&org=&forks=0&stars=0&language=&sort=updated&order=asc&page=1&per_page=2 {\n  body: {},\n  params: {},\n  query: {\n    search: '',\n    topic: 'name',\n    includes: 'readme',\n    user: '',\n    org: '',\n    forks: '0',\n    stars: '0',\n    language: '',\n    sort: 'updated',\n    order: 'asc',\n    page: '1',\n    per_page: '2'\n  }\n}","time":"2021-12-14T17:57:52.004Z","v":0}
{"name":"sorting-demo","version":"1.0.0","hostname":"v8","pid":24450,"level":50,"msg":"Error on GET /search?search=&topic=name&includes=readme&user=&org=&forks=0&stars=0&language=&sort=updated&order=asc&page=1&per_page=2 {\n  body: {},\n  params: {},\n  query: {\n    search: '',\n    topic: 'name',\n    includes: 'readme',\n    user: '',\n    org: '',\n    forks: '0',\n    stars: '0',\n    language: '',\n    sort: 'updated',\n    order: 'asc',\n    page: '1',\n    per_page: '2'\n  }\n}","time":"2021-12-14T17:57:52.004Z","v":0}
{"name":"sorting-demo","version":"1.0.0","hostname":"v8","pid":25674,"level":30,"msg":"Server started on 8088","time":"2021-12-14T18:00:25.600Z","v":0}
{"name":"sorting-demo","version":"1.0.0","hostname":"v8","pid":25674,"level":30,"msg":"Calling github url https://api.github.com/search/repositories?q=topic:name&in:readme&forks:>=0&stars:>=0&sort=updated&order=asc&page=1&per_page=2","time":"2021-12-14T18:00:30.212Z","v":0}
{"name":"sorting-demo","version":"1.0.0","hostname":"v8","pid":25674,"level":30,"msg":"Calling github url https://api.github.com/search/repositories?q=topic:name&in:readme&forks:>=0&stars:>=0&sort=updated&order=asc&page=1&per_page=2","time":"2021-12-14T18:00:34.845Z","v":0}
{"name":"sorting-demo","version":"1.0.0","hostname":"v8","pid":25674,"level":30,"msg":"Calling github url https://api.github.com/search/repositories?q=topic:name&in:readme&forks:>=0&stars:>=0&sort=updated&order=asc&page=2&per_page=2","time":"2021-12-14T18:00:37.325Z","v":0}
{"name":"sorting-demo","version":"1.0.0","hostname":"v8","pid":25674,"level":30,"msg":"Calling github url https://api.github.com/search/repositories?q=topic:name&in:readme&forks:>=0&stars:>=0&sort=updated&order=asc&page=1&per_page=2","time":"2021-12-14T18:00:40.307Z","v":0}
{"name":"sorting-demo","version":"1.0.0","hostname":"v8","pid":25674,"level":30,"msg":"Calling github url https://api.github.com/search/repositories?q=topic:name&in:readme&forks:>=0&stars:>=0&sort=updated&order=asc&page=2&per_page=2","time":"2021-12-14T18:00:43.908Z","v":0}
{"name":"sorting-demo","version":"1.0.0","hostname":"v8","pid":25674,"level":30,"msg":"Calling github url https://api.github.com/search/repositories?q=topic:name&in:readme&forks:>=0&stars:>=0&sort=updated&order=asc&page=3&per_page=2","time":"2021-12-14T18:00:45.495Z","v":0}
{"name":"sorting-demo","version":"1.0.0","hostname":"v8","pid":25674,"level":30,"msg":"Calling github url https://api.github.com/search/repositories?q=topic:name&in:readme&forks:>=0&stars:>=0&sort=updated&order=asc&page=4&per_page=2","time":"2021-12-14T18:00:47.431Z","v":0}
{"name":"sorting-demo","version":"1.0.0","hostname":"v8","pid":25674,"level":30,"msg":"Calling github url https://api.github.com/search/repositories?q=topic:name&in:readme&forks:>=0&stars:>=0&sort=updated&order=asc&page=5&per_page=2","time":"2021-12-14T18:00:51.027Z","v":0}
{"name":"sorting-demo","version":"1.0.0","hostname":"v8","pid":25674,"level":30,"msg":"Calling github url https://api.github.com/search/repositories?q=topic:name&in:readme&forks:>=0&stars:>=0&sort=updated&order=asc&page=5&per_page=10","time":"2021-12-14T18:01:05.789Z","v":0}
{"name":"sorting-demo","version":"1.0.0","hostname":"v8","pid":25674,"level":30,"msg":"Calling github url https://api.github.com/search/repositories?q=topic:name&in:readme&forks:>=0&stars:>=0&sort=updated&order=asc&page=5&per_page=25","time":"2021-12-14T18:01:15.929Z","v":0}
{"name":"sorting-demo","version":"1.0.0","hostname":"v8","pid":25674,"level":50,"msg":"Error on GET /search?search=&topic=name&includes=readme&user=&org=&forks=0&stars=0&language=&sort=updated&order=asc&page=5&per_page=25 {\n  body: {},\n  params: {},\n  query: {\n    search: '',\n    topic: 'name',\n    includes: 'readme',\n    user: '',\n    org: '',\n    forks: '0',\n    stars: '0',\n    language: '',\n    sort: 'updated',\n    order: 'asc',\n    page: '5',\n    per_page: '25'\n  }\n}","time":"2021-12-14T18:01:16.142Z","v":0}
{"name":"sorting-demo","version":"1.0.0","hostname":"v8","pid":25674,"level":50,"msg":"Error on GET /search?search=&topic=name&includes=readme&user=&org=&forks=0&stars=0&language=&sort=updated&order=asc&page=5&per_page=25 {\n  body: {},\n  params: {},\n  query: {\n    search: '',\n    topic: 'name',\n    includes: 'readme',\n    user: '',\n    org: '',\n    forks: '0',\n    stars: '0',\n    language: '',\n    sort: 'updated',\n    order: 'asc',\n    page: '5',\n    per_page: '25'\n  }\n}","time":"2021-12-14T18:01:16.142Z","v":0}
{"name":"sorting-demo","version":"1.0.0","hostname":"v8","pid":25674,"level":30,"msg":"Calling github url https://api.github.com/search/repositories?q=topic:name&in:readme&forks:>=0&stars:>=0&sort=updated&order=asc&page=5&per_page=2","time":"2021-12-14T18:02:30.238Z","v":0}
{"name":"sorting-demo","version":"1.0.0","hostname":"v8","pid":25674,"level":30,"msg":"Calling github url https://api.github.com/search/repositories?q=topic:name&in:readme&forks:>=0&stars:>=0&sort=updated&order=asc&page=4&per_page=2","time":"2021-12-14T18:02:30.410Z","v":0}
{"name":"sorting-demo","version":"1.0.0","hostname":"v8","pid":25674,"level":30,"msg":"Calling github url https://api.github.com/search/repositories?q=topic:name&in:readme&forks:>=0&stars:>=0&sort=updated&order=asc&page=3&per_page=2","time":"2021-12-14T18:02:30.592Z","v":0}
{"name":"sorting-demo","version":"1.0.0","hostname":"v8","pid":25674,"level":30,"msg":"Calling github url https://api.github.com/search/repositories?q=topic:name&in:readme&forks:>=0&stars:>=0&sort=updated&order=asc&page=2&per_page=2","time":"2021-12-14T18:02:30.735Z","v":0}
{"name":"sorting-demo","version":"1.0.0","hostname":"v8","pid":25674,"level":30,"msg":"Calling github url https://api.github.com/search/repositories?q=topic:name&in:readme&forks:>=0&stars:>=0&sort=updated&order=asc&page=1&per_page=2","time":"2021-12-14T18:02:30.895Z","v":0}
{"name":"sorting-demo","version":"1.0.0","hostname":"v8","pid":25674,"level":30,"msg":"Calling github url https://api.github.com/search/repositories?q=topic:name&in:readme&forks:>=0&stars:>=0&sort=updated&order=asc&page=0&per_page=2","time":"2021-12-14T18:02:40.694Z","v":0}
{"name":"sorting-demo","version":"1.0.0","hostname":"v8","pid":25674,"level":30,"msg":"Calling github url https://api.github.com/search/repositories?q=topic:name&in:readme&forks:>=0&stars:>=0&sort=updated&order=asc&page=1&per_page=2","time":"2021-12-14T18:02:48.502Z","v":0}
{"name":"sorting-demo","version":"1.0.0","hostname":"v8","pid":25674,"level":30,"msg":"Calling github url https://api.github.com/search/repositories?q=topic:name&in:readme&forks:>=0&stars:>=0&sort=updated&order=asc&page=2&per_page=2","time":"2021-12-14T18:02:52.899Z","v":0}
{"name":"sorting-demo","version":"1.0.0","hostname":"v8","pid":25674,"level":30,"msg":"Calling github url https://api.github.com/search/repositories?q=topic:name&in:readme&forks:>=0&stars:>=0&sort=updated&order=asc&page=3&per_page=2","time":"2021-12-14T18:02:59.327Z","v":0}
{"name":"sorting-demo","version":"1.0.0","hostname":"v8","pid":25674,"level":30,"msg":"Calling github url https://api.github.com/search/repositories?q=topic:name&in:readme&forks:>=0&stars:>=0&sort=updated&order=asc&page=2&per_page=2","time":"2021-12-14T18:02:59.993Z","v":0}
{"name":"sorting-demo","version":"1.0.0","hostname":"v8","pid":25674,"level":30,"msg":"Calling github url https://api.github.com/search/repositories?q=topic:name&in:readme&forks:>=0&stars:>=0&sort=updated&order=asc&page=1&per_page=2","time":"2021-12-14T18:03:01.088Z","v":0}
{"name":"sorting-demo","version":"1.0.0","hostname":"v8","pid":25674,"level":50,"msg":"Error on GET /search?search=&topic=name&includes=readme&user=&org=&forks=0&stars=0&language=&sort=updated&order=asc&page=1&per_page=2 {\n  body: {},\n  params: {},\n  query: {\n    search: '',\n    topic: 'name',\n    includes: 'readme',\n    user: '',\n    org: '',\n    forks: '0',\n    stars: '0',\n    language: '',\n    sort: 'updated',\n    order: 'asc',\n    page: '1',\n    per_page: '2'\n  }\n}","time":"2021-12-14T18:03:01.288Z","v":0}
{"name":"sorting-demo","version":"1.0.0","hostname":"v8","pid":25674,"level":50,"msg":"Error on GET /search?search=&topic=name&includes=readme&user=&org=&forks=0&stars=0&language=&sort=updated&order=asc&page=1&per_page=2 {\n  body: {},\n  params: {},\n  query: {\n    search: '',\n    topic: 'name',\n    includes: 'readme',\n    user: '',\n    org: '',\n    forks: '0',\n    stars: '0',\n    language: '',\n    sort: 'updated',\n    order: 'asc',\n    page: '1',\n    per_page: '2'\n  }\n}","time":"2021-12-14T18:03:01.288Z","v":0}
{"name":"sorting-demo","version":"1.0.0","hostname":"v8","pid":25674,"level":30,"msg":"Calling github url https://api.github.com/search/repositories?q=&forks:>=0&stars:>=0&sort=updated&order=asc&page=1&per_page=2","time":"2021-12-14T18:03:26.196Z","v":0}
{"name":"sorting-demo","version":"1.0.0","hostname":"v8","pid":25674,"level":50,"msg":"Error on GET /search?search=&topic=&includes=&user=&org=&forks=0&stars=0&language=&sort=updated&order=asc&page=1&per_page=2 {\n  body: {},\n  params: {},\n  query: {\n    search: '',\n    topic: '',\n    includes: '',\n    user: '',\n    org: '',\n    forks: '0',\n    stars: '0',\n    language: '',\n    sort: 'updated',\n    order: 'asc',\n    page: '1',\n    per_page: '2'\n  }\n}","time":"2021-12-14T18:03:26.366Z","v":0}
{"name":"sorting-demo","version":"1.0.0","hostname":"v8","pid":25674,"level":50,"msg":"Error on GET /search?search=&topic=&includes=&user=&org=&forks=0&stars=0&language=&sort=updated&order=asc&page=1&per_page=2 {\n  body: {},\n  params: {},\n  query: {\n    search: '',\n    topic: '',\n    includes: '',\n    user: '',\n    org: '',\n    forks: '0',\n    stars: '0',\n    language: '',\n    sort: 'updated',\n    order: 'asc',\n    page: '1',\n    per_page: '2'\n  }\n}","time":"2021-12-14T18:03:26.366Z","v":0}
{"name":"sorting-demo","version":"1.0.0","hostname":"v8","pid":25674,"level":30,"msg":"Calling github url https://api.github.com/search/repositories?q=&forks:>=0&stars:>=0&sort=updated&order=asc&page=1&per_page=2","time":"2021-12-14T18:03:41.500Z","v":0}
{"name":"sorting-demo","version":"1.0.0","hostname":"v8","pid":25674,"level":50,"msg":"Error on GET /search?search=&topic=&includes=&user=&org=&forks=0&stars=0&language=&sort=updated&order=asc&page=1&per_page=2 {\n  body: {},\n  params: {},\n  query: {\n    search: '',\n    topic: '',\n    includes: '',\n    user: '',\n    org: '',\n    forks: '0',\n    stars: '0',\n    language: '',\n    sort: 'updated',\n    order: 'asc',\n    page: '1',\n    per_page: '2'\n  }\n}","time":"2021-12-14T18:03:42.004Z","v":0}
{"name":"sorting-demo","version":"1.0.0","hostname":"v8","pid":25674,"level":50,"msg":"Error on GET /search?search=&topic=&includes=&user=&org=&forks=0&stars=0&language=&sort=updated&order=asc&page=1&per_page=2 {\n  body: {},\n  params: {},\n  query: {\n    search: '',\n    topic: '',\n    includes: '',\n    user: '',\n    org: '',\n    forks: '0',\n    stars: '0',\n    language: '',\n    sort: 'updated',\n    order: 'asc',\n    page: '1',\n    per_page: '2'\n  }\n}","time":"2021-12-14T18:03:42.004Z","v":0}
{"name":"sorting-demo","version":"1.0.0","hostname":"v8","pid":25674,"level":30,"msg":"Calling github url https://api.github.com/search/repositories?q=&forks:>=0&stars:>=0&sort=updated&order=asc&page=1&per_page=2","time":"2021-12-14T18:10:49.631Z","v":0}
{"name":"sorting-demo","version":"1.0.0","hostname":"v8","pid":25674,"level":50,"msg":"Error on GET /search?search=&topic=&includes=&user=&org=&forks=0&stars=0&language=&sort=updated&order=asc&page=1&per_page=2 {\n  body: {},\n  params: {},\n  query: {\n    search: '',\n    topic: '',\n    includes: '',\n    user: '',\n    org: '',\n    forks: '0',\n    stars: '0',\n    language: '',\n    sort: 'updated',\n    order: 'asc',\n    page: '1',\n    per_page: '2'\n  }\n}","time":"2021-12-14T18:10:50.052Z","v":0}
{"name":"sorting-demo","version":"1.0.0","hostname":"v8","pid":25674,"level":50,"msg":"Error on GET /search?search=&topic=&includes=&user=&org=&forks=0&stars=0&language=&sort=updated&order=asc&page=1&per_page=2 {\n  body: {},\n  params: {},\n  query: {\n    search: '',\n    topic: '',\n    includes: '',\n    user: '',\n    org: '',\n    forks: '0',\n    stars: '0',\n    language: '',\n    sort: 'updated',\n    order: 'asc',\n    page: '1',\n    per_page: '2'\n  }\n}","time":"2021-12-14T18:10:50.052Z","v":0}
{"name":"sorting-demo","version":"1.0.0","hostname":"v8","pid":25674,"level":30,"msg":"Calling github url https://api.github.com/search/repositories?q=&forks:>=0&stars:>=0&sort=updated&order=asc&page=1&per_page=2","time":"2021-12-14T18:11:05.871Z","v":0}
{"name":"sorting-demo","version":"1.0.0","hostname":"v8","pid":25674,"level":50,"msg":"Error on GET /search?search=&topic=&includes=&user=&org=&forks=0&stars=0&language=&sort=updated&order=asc&page=1&per_page=2 {\n  body: {},\n  params: {},\n  query: {\n    search: '',\n    topic: '',\n    includes: '',\n    user: '',\n    org: '',\n    forks: '0',\n    stars: '0',\n    language: '',\n    sort: 'updated',\n    order: 'asc',\n    page: '1',\n    per_page: '2'\n  }\n}","time":"2021-12-14T18:11:06.052Z","v":0}
{"name":"sorting-demo","version":"1.0.0","hostname":"v8","pid":25674,"level":50,"msg":"Error on GET /search?search=&topic=&includes=&user=&org=&forks=0&stars=0&language=&sort=updated&order=asc&page=1&per_page=2 {\n  body: {},\n  params: {},\n  query: {\n    search: '',\n    topic: '',\n    includes: '',\n    user: '',\n    org: '',\n    forks: '0',\n    stars: '0',\n    language: '',\n    sort: 'updated',\n    order: 'asc',\n    page: '1',\n    per_page: '2'\n  }\n}","time":"2021-12-14T18:11:06.052Z","v":0}
{"name":"sorting-demo","version":"1.0.0","hostname":"v8","pid":25674,"level":30,"msg":"Calling github url https://api.github.com/search/repositories?q=&forks:>=0&stars:>=0&sort=updated&order=asc&page=1&per_page=2","time":"2021-12-14T18:11:48.295Z","v":0}
{"name":"sorting-demo","version":"1.0.0","hostname":"v8","pid":25674,"level":50,"msg":"Error on GET /search?search=&topic=&includes=&user=&org=&forks=0&stars=0&language=&sort=updated&order=asc&page=1&per_page=2 {\n  body: {},\n  params: {},\n  query: {\n    search: '',\n    topic: '',\n    includes: '',\n    user: '',\n    org: '',\n    forks: '0',\n    stars: '0',\n    language: '',\n    sort: 'updated',\n    order: 'asc',\n    page: '1',\n    per_page: '2'\n  }\n}","time":"2021-12-14T18:11:48.696Z","v":0}
{"name":"sorting-demo","version":"1.0.0","hostname":"v8","pid":25674,"level":50,"msg":"Error on GET /search?search=&topic=&includes=&user=&org=&forks=0&stars=0&language=&sort=updated&order=asc&page=1&per_page=2 {\n  body: {},\n  params: {},\n  query: {\n    search: '',\n    topic: '',\n    includes: '',\n    user: '',\n    org: '',\n    forks: '0',\n    stars: '0',\n    language: '',\n    sort: 'updated',\n    order: 'asc',\n    page: '1',\n    per_page: '2'\n  }\n}","time":"2021-12-14T18:11:48.696Z","v":0}
{"name":"sorting-demo","version":"1.0.0","hostname":"v8","pid":31366,"level":30,"msg":"Server started on 8088","time":"2021-12-14T18:12:57.103Z","v":0}
{"name":"sorting-demo","version":"1.0.0","hostname":"v8","pid":31366,"level":30,"msg":"Calling github url https://api.github.com/search/repositories?q=topic:&forks:>=0&stars:>=0&sort=updated&order=asc&page=1&per_page=2","time":"2021-12-14T18:13:02.898Z","v":0}
{"name":"sorting-demo","version":"1.0.0","hostname":"v8","pid":31647,"level":30,"msg":"Server started on 8088","time":"2021-12-14T18:13:35.789Z","v":0}
{"name":"sorting-demo","version":"1.0.0","hostname":"v8","pid":31647,"level":30,"msg":"Calling github url https://api.github.com/search/repositories?q=topic:io&forks:>=0&stars:>=0&sort=updated&order=asc&page=1&per_page=2","time":"2021-12-14T18:13:40.900Z","v":0}
{"name":"sorting-demo","version":"1.0.0","hostname":"v8","pid":31647,"level":30,"msg":"Calling github url https://api.github.com/search/repositories?q=&forks:>=0&stars:>=0&sort=updated&order=asc&page=1&per_page=2","time":"2021-12-14T18:15:43.791Z","v":0}
{"name":"sorting-demo","version":"1.0.0","hostname":"v8","pid":31647,"level":50,"msg":"Error on GET /search?search=&topic=&includes=&user=&org=&forks=0&stars=0&language=&sort=updated&order=asc&page=1&per_page=2 {\n  body: {},\n  params: {},\n  query: {\n    search: '',\n    topic: '',\n    includes: '',\n    user: '',\n    org: '',\n    forks: '0',\n    stars: '0',\n    language: '',\n    sort: 'updated',\n    order: 'asc',\n    page: '1',\n    per_page: '2'\n  }\n}","time":"2021-12-14T18:15:44.311Z","v":0}
{"name":"sorting-demo","version":"1.0.0","hostname":"v8","pid":31647,"level":50,"msg":"Error on GET /search?search=&topic=&includes=&user=&org=&forks=0&stars=0&language=&sort=updated&order=asc&page=1&per_page=2 {\n  body: {},\n  params: {},\n  query: {\n    search: '',\n    topic: '',\n    includes: '',\n    user: '',\n    org: '',\n    forks: '0',\n    stars: '0',\n    language: '',\n    sort: 'updated',\n    order: 'asc',\n    page: '1',\n    per_page: '2'\n  }\n}","time":"2021-12-14T18:15:44.311Z","v":0}
{"name":"sorting-demo","version":"1.0.0","hostname":"v8","pid":612,"level":30,"msg":"Server started on 8088","time":"2021-12-14T18:16:32.247Z","v":0}
{"name":"sorting-demo","version":"1.0.0","hostname":"v8","pid":612,"level":30,"msg":"Calling github url https://api.github.com/search/repositories?q=forks:>=0&stars:>=0&sort=updated&order=asc&page=1&per_page=2","time":"2021-12-14T18:16:34.984Z","v":0}
{"name":"sorting-demo","version":"1.0.0","hostname":"v8","pid":820,"level":30,"msg":"Server started on 8088","time":"2021-12-14T18:16:51.018Z","v":0}
{"name":"sorting-demo","version":"1.0.0","hostname":"v8","pid":1355,"level":30,"msg":"Server started on 8088","time":"2021-12-14T18:18:08.959Z","v":0}
{"name":"sorting-demo","version":"1.0.0","hostname":"v8","pid":1355,"level":30,"msg":"Calling github url https://api.github.com/search/repositories?q=page=1&forks:>=0&stars:>=0&sort=updated&order=asc&per_page=2","time":"2021-12-14T18:18:11.151Z","v":0}
{"name":"sorting-demo","version":"1.0.0","hostname":"v8","pid":1787,"level":30,"msg":"Server started on 8088","time":"2021-12-14T18:18:52.325Z","v":0}
{"name":"sorting-demo","version":"1.0.0","hostname":"v8","pid":3207,"level":30,"msg":"Server started on 8088","time":"2021-12-14T18:20:36.029Z","v":0}
{"name":"sorting-demo","version":"1.0.0","hostname":"v8","pid":3450,"level":30,"msg":"Server started on 8088","time":"2021-12-14T18:21:03.791Z","v":0}
{"name":"sorting-demo","version":"1.0.0","hostname":"v8","pid":3450,"level":50,"msg":"Error on GET /searc { body: {}, params: {}, query: {} }","time":"2021-12-14T18:21:05.340Z","v":0}
{"name":"sorting-demo","version":"1.0.0","hostname":"v8","pid":3450,"level":50,"msg":"Error on GET /searc { body: {}, params: {}, query: {} }","time":"2021-12-14T18:21:05.340Z","v":0}
{"name":"sorting-demo","version":"1.0.0","hostname":"v8","pid":4148,"level":30,"msg":"Server started on 8088","time":"2021-12-14T18:21:33.732Z","v":0}
{"name":"sorting-demo","version":"1.0.0","hostname":"v8","pid":4148,"level":50,"msg":"Error on GET /searc { body: {}, params: {}, query: {} }","time":"2021-12-14T18:21:35.387Z","v":0}
{"name":"sorting-demo","version":"1.0.0","hostname":"v8","pid":4148,"level":50,"msg":"Error on GET /searc { body: {}, params: {}, query: {} }","time":"2021-12-14T18:21:35.387Z","v":0}
{"name":"sorting-demo","version":"1.0.0","hostname":"v8","pid":4669,"level":30,"msg":"Server started on 8088","time":"2021-12-14T18:22:19.048Z","v":0}
{"name":"sorting-demo","version":"1.0.0","hostname":"v8","pid":4669,"level":50,"msg":"Error on GET /searc { body: {}, params: {}, query: {} }","time":"2021-12-14T18:22:22.286Z","v":0}
{"name":"sorting-demo","version":"1.0.0","hostname":"v8","pid":4669,"level":50,"msg":"Error on GET /searc { body: {}, params: {}, query: {} }","time":"2021-12-14T18:22:22.286Z","v":0}
{"name":"sorting-demo","version":"1.0.0","hostname":"v8","pid":4669,"level":50,"msg":"Error on GET /searc { body: {}, params: {}, query: {} }","time":"2021-12-14T18:23:35.654Z","v":0}
{"name":"sorting-demo","version":"1.0.0","hostname":"v8","pid":4669,"level":50,"msg":"Error on GET /searc { body: {}, params: {}, query: {} }","time":"2021-12-14T18:23:35.654Z","v":0}
{"name":"sorting-demo","version":"1.0.0","hostname":"v8","pid":4669,"level":50,"msg":"Error on POST /search { body: {}, params: {}, query: {} }","time":"2021-12-14T18:23:41.770Z","v":0}
{"name":"sorting-demo","version":"1.0.0","hostname":"v8","pid":4669,"level":50,"msg":"Error on POST /search { body: {}, params: {}, query: {} }","time":"2021-12-14T18:23:41.770Z","v":0}
{"name":"sorting-demo","version":"1.0.0","hostname":"v8","pid":5522,"level":30,"msg":"Server started on 8088","time":"2021-12-14T18:24:00.083Z","v":0}
{"name":"sorting-demo","version":"1.0.0","hostname":"v8","pid":5522,"level":30,"msg":"Calling github url https://api.github.com/search/repositories?q=page=1&sort=updated&order=asc&per_page=2","time":"2021-12-14T18:24:17.471Z","v":0}
{"name":"sorting-demo","version":"1.0.0","hostname":"v8","pid":5522,"level":30,"msg":"Calling github url https://api.github.com/search/repositories?q=page=1&sort=updated&order=asc&per_page=2","time":"2021-12-14T18:24:30.509Z","v":0}
{"name":"sorting-demo","version":"1.0.0","hostname":"v8","pid":5522,"level":30,"msg":"Calling github url https://api.github.com/search/repositories?q=page=1&sort=updated&order=asc&per_page=500","time":"2021-12-14T18:24:56.356Z","v":0}
{"name":"sorting-demo","version":"1.0.0","hostname":"v8","pid":5522,"level":50,"msg":"Error on POST /search?per_page=500 { body: {}, params: {}, query: { per_page: '500' } }","time":"2021-12-14T18:25:26.340Z","v":0}
{"name":"sorting-demo","version":"1.0.0","hostname":"v8","pid":5522,"level":50,"msg":"Error on POST /search?per_page=500 { body: {}, params: {}, query: { per_page: '500' } }","time":"2021-12-14T18:25:26.340Z","v":0}
{"name":"sorting-demo","version":"1.0.0","hostname":"v8","pid":6489,"level":30,"msg":"Server started on 8088","time":"2021-12-14T18:26:02.539Z","v":0}
{"name":"sorting-demo","version":"1.0.0","hostname":"v8","pid":6489,"level":50,"msg":"Error on POST /search?per_page=500 { body: {}, params: {}, query: { per_page: '500' } }","time":"2021-12-14T18:26:05.574Z","v":0}
{"name":"sorting-demo","version":"1.0.0","hostname":"v8","pid":6489,"level":50,"msg":"Error on POST /search?per_page=500 { body: {}, params: {}, query: { per_page: '500' } }","time":"2021-12-14T18:26:05.574Z","v":0}
{"name":"sorting-demo","version":"1.0.0","hostname":"v8","pid":6489,"level":30,"msg":"Calling github url https://api.github.com/search/repositories?q=page=1&forks:>=0&stars:>=0&sort=updated&order=asc&per_page=2","time":"2021-12-14T18:27:54.022Z","v":0}
{"name":"sorting-demo","version":"1.0.0","hostname":"v8","pid":6489,"level":30,"msg":"Calling github url https://api.github.com/search/repositories?q=page=1&forks:>=0&stars:>=0&sort=updated&order=asc&per_page=2","time":"2021-12-14T18:28:00.808Z","v":0}
{"name":"sorting-demo","version":"1.0.0","hostname":"v8","pid":6489,"level":30,"msg":"Calling github url https://api.github.com/search/repositories?q=page=1&forks:>=0&stars:>=0&sort=updated&order=asc&per_page=2","time":"2021-12-14T18:28:05.618Z","v":0}
{"name":"sorting-demo","version":"1.0.0","hostname":"v8","pid":6489,"level":30,"msg":"Calling github url https://api.github.com/search/repositories?q=page=1&forks:>=0&stars:>=0&sort=updated&order=asc&per_page=50","time":"2021-12-14T18:28:11.653Z","v":0}
{"name":"sorting-demo","version":"1.0.0","hostname":"v8","pid":6489,"level":30,"msg":"Calling github url https://api.github.com/search/repositories?q=page=1&forks:>=0&stars:>=0&sort=updated&order=asc&per_page=2","time":"2021-12-14T18:28:22.981Z","v":0}
{"name":"sorting-demo","version":"1.0.0","hostname":"v8","pid":6489,"level":30,"msg":"Calling github url https://api.github.com/search/repositories?q=page=1&forks:>=0&stars:>=0&sort=updated&order=asc&per_page=2","time":"2021-12-14T18:28:27.632Z","v":0}
{"name":"sorting-demo","version":"1.0.0","hostname":"v8","pid":6489,"level":30,"msg":"Calling github url https://api.github.com/search/repositories?q=page=1&forks:>=0&stars:>=0&sort=updated&order=asc&per_page=2","time":"2021-12-14T18:28:48.907Z","v":0}
{"name":"sorting-demo","version":"1.0.0","hostname":"v8","pid":6489,"level":30,"msg":"Calling github url https://api.github.com/search/repositories?q=page=1&forks:>=0&stars:>=0&sort=updated&order=asc&per_page=2","time":"2021-12-14T18:29:48.095Z","v":0}
{"name":"sorting-demo","version":"1.0.0","hostname":"v8","pid":6489,"level":30,"msg":"Calling github url https://api.github.com/search/repositories?q=page=1&forks:>=0&stars:>=0&sort=updated&order=asc&per_page=2","time":"2021-12-14T18:29:50.870Z","v":0}
{"name":"sorting-demo","version":"1.0.0","hostname":"v8","pid":6489,"level":30,"msg":"Calling github url https://api.github.com/search/repositories?q=page=0&forks:>=0&stars:>=0&sort=updated&order=asc&per_page=2","time":"2021-12-14T18:30:51.074Z","v":0}
{"name":"sorting-demo","version":"1.0.0","hostname":"v8","pid":6489,"level":30,"msg":"Calling github url https://api.github.com/search/repositories?q=page=0&forks:>=0&stars:>=0&sort=updated&order=asc&per_page=2","time":"2021-12-14T18:30:55.418Z","v":0}
{"name":"sorting-demo","version":"1.0.0","hostname":"v8","pid":6489,"level":30,"msg":"Calling github url https://api.github.com/search/repositories?q=page=1&forks:>=0&stars:>=0&sort=updated&order=asc&per_page=2","time":"2021-12-14T18:30:57.638Z","v":0}
{"name":"sorting-demo","version":"1.0.0","hostname":"v8","pid":9004,"level":30,"msg":"Server started on 8088","time":"2021-12-14T18:31:33.066Z","v":0}
{"name":"sorting-demo","version":"1.0.0","hostname":"v8","pid":9004,"level":30,"msg":"Calling github url https://api.github.com/search/repositories?q=page=1&forks:>=0&stars:>=0&sort=updated&order=asc&per_page=2","time":"2021-12-14T18:31:39.418Z","v":0}
{"name":"sorting-demo","version":"1.0.0","hostname":"v8","pid":9004,"level":30,"msg":"Calling github url https://api.github.com/search/repositories?q=page=1&forks:>=0&stars:>=0&sort=updated&order=asc&per_page=2","time":"2021-12-14T18:31:42.853Z","v":0}
{"name":"sorting-demo","version":"1.0.0","hostname":"v8","pid":9004,"level":30,"msg":"Calling github url https://api.github.com/search/repositories?q=page=1&forks:>=0&stars:>=0&sort=updated&order=asc&per_page=2","time":"2021-12-14T18:32:39.729Z","v":0}
{"name":"sorting-demo","version":"1.0.0","hostname":"v8","pid":9004,"level":30,"msg":"Calling github url https://api.github.com/search/repositories?q=page=1&forks:>=0&stars:>=0&sort=updated&order=asc&per_page=2","time":"2021-12-14T18:32:42.028Z","v":0}
{"name":"sorting-demo","version":"1.0.0","hostname":"v8","pid":9004,"level":30,"msg":"Calling github url https://api.github.com/search/repositories?q=page=2&forks:>=0&stars:>=0&sort=updated&order=asc&per_page=2","time":"2021-12-14T18:32:48.154Z","v":0}
{"name":"sorting-demo","version":"1.0.0","hostname":"v8","pid":9004,"level":30,"msg":"Calling github url https://api.github.com/search/repositories?q=page=1&forks:>=0&stars:>=0&sort=updated&order=asc&per_page=2","time":"2021-12-14T18:37:00.936Z","v":0}
{"name":"sorting-demo","version":"1.0.0","hostname":"v8","pid":9004,"level":30,"msg":"Calling github url https://api.github.com/search/repositories?q=page=4&forks:>=0&stars:>=0&sort=updated&order=asc&per_page=2","time":"2021-12-14T18:41:33.655Z","v":0}
{"name":"sorting-demo","version":"1.0.0","hostname":"v8","pid":9004,"level":30,"msg":"Calling github url https://api.github.com/search/repositories?q=page=1&forks:>=0&stars:>=0&sort=updated&order=asc&per_page=2","time":"2021-12-14T18:41:36.299Z","v":0}
{"name":"sorting-demo","version":"1.0.0","hostname":"v8","pid":9004,"level":30,"msg":"Calling github url https://api.github.com/search/repositories?q=page=1&forks:>=0&stars:>=0&sort=updated&order=asc&per_page=2","time":"2021-12-14T18:41:41.989Z","v":0}
{"name":"sorting-demo","version":"1.0.0","hostname":"v8","pid":9004,"level":30,"msg":"Calling github url https://api.github.com/search/repositories?q=page=2&forks:>=0&stars:>=0&sort=updated&order=asc&per_page=2","time":"2021-12-14T18:41:47.221Z","v":0}
{"name":"sorting-demo","version":"1.0.0","hostname":"v8","pid":9004,"level":30,"msg":"Calling github url https://api.github.com/search/repositories?q=page=3&forks:>=0&stars:>=0&sort=updated&order=asc&per_page=2","time":"2021-12-14T18:42:01.457Z","v":0}
{"name":"sorting-demo","version":"1.0.0","hostname":"v8","pid":9004,"level":30,"msg":"Calling github url https://api.github.com/search/repositories?q=page=3&forks:>=0&stars:>=0&sort=updated&order=asc&per_page=10","time":"2021-12-14T18:42:08.124Z","v":0}
{"name":"sorting-demo","version":"1.0.0","hostname":"v8","pid":9004,"level":30,"msg":"Calling github url https://api.github.com/search/repositories?q=page=3&forks:>=0&stars:>=0&sort=updated&order=asc&per_page=10","time":"2021-12-14T18:42:35.395Z","v":0}
{"name":"sorting-demo","version":"1.0.0","hostname":"v8","pid":9004,"level":30,"msg":"Calling github url https://api.github.com/search/repositories?q=page=1&forks:>=0&stars:>=0&sort=updated&order=asc&per_page=2","time":"2021-12-14T18:42:37.690Z","v":0}
{"name":"sorting-demo","version":"1.0.0","hostname":"v8","pid":9004,"level":30,"msg":"Calling github url https://api.github.com/search/repositories?q=page=1topic:bl&forks:>=0&stars:>=0&sort=updated&order=asc&per_page=2","time":"2021-12-14T18:42:51.512Z","v":0}
{"name":"sorting-demo","version":"1.0.0","hostname":"v8","pid":9004,"level":30,"msg":"Calling github url https://api.github.com/search/repositories?q=page=1topic:bl&forks:>=0&stars:>=0&sort=updated&order=asc&per_page=2","time":"2021-12-14T18:43:05.968Z","v":0}
{"name":"sorting-demo","version":"1.0.0","hostname":"v8","pid":9004,"level":30,"msg":"Calling github url https://api.github.com/search/repositories?q=page=1topic:b&forks:>=0&stars:>=0&sort=updated&order=asc&per_page=2","time":"2021-12-14T18:43:10.063Z","v":0}
{"name":"sorting-demo","version":"1.0.0","hostname":"v8","pid":9004,"level":30,"msg":"Calling github url https://api.github.com/search/repositories?q=page=1topic:no&forks:>=0&stars:>=0&sort=updated&order=asc&per_page=2","time":"2021-12-14T18:43:16.113Z","v":0}
{"name":"sorting-demo","version":"1.0.0","hostname":"v8","pid":14015,"level":30,"msg":"Server started on 8088","time":"2021-12-14T18:43:51.517Z","v":0}
{"name":"sorting-demo","version":"1.0.0","hostname":"v8","pid":14015,"level":30,"msg":"Calling github url https://api.github.com/search/repositories?q=page=1&forks:>=0&stars:>=0&sort=updated&order=asc&per_page=2","time":"2021-12-14T18:44:13.984Z","v":0}
{"name":"sorting-demo","version":"1.0.0","hostname":"v8","pid":14015,"level":30,"msg":"Calling github url https://api.github.com/search/repositories?q=page=1&forks:>=0&stars:>=10&sort=updated&order=asc&per_page=2","time":"2021-12-14T18:44:23.578Z","v":0}
{"name":"sorting-demo","version":"1.0.0","hostname":"v8","pid":14015,"level":30,"msg":"Calling github url https://api.github.com/search/repositories?q=page=1&forks:>=0&stars:>=10&language:css&sort=updated&order=asc&per_page=2","time":"2021-12-14T18:44:51.573Z","v":0}
{"name":"sorting-demo","version":"1.0.0","hostname":"v8","pid":14015,"level":30,"msg":"Calling github url https://api.github.com/search/repositories?q=page=1&forks:>=0&stars:>=10&language:css&sort=updated&order=asc&per_page=2","time":"2021-12-14T18:45:02.299Z","v":0}
{"name":"sorting-demo","version":"1.0.0","hostname":"v8","pid":14015,"level":30,"msg":"Calling github url https://api.github.com/search/repositories?q=page=1&forks:>=0&stars:>=10&language:css&sort=updated&order=asc&per_page=2","time":"2021-12-14T18:45:23.687Z","v":0}
{"name":"sorting-demo","version":"1.0.0","hostname":"v8","pid":14015,"level":30,"msg":"Calling github url https://api.github.com/search/repositories?q=page=1&forks:>=0&stars:>=0&sort=updated&order=asc&per_page=2","time":"2021-12-14T18:45:51.303Z","v":0}
{"name":"sorting-demo","version":"1.0.0","hostname":"v8","pid":14015,"level":30,"msg":"Calling github url https://api.github.com/search/repositories?q=page=1&user:ui&forks:>=0&stars:>=0&sort=updated&order=asc&per_page=2","time":"2021-12-14T18:45:55.788Z","v":0}
{"name":"sorting-demo","version":"1.0.0","hostname":"v8","pid":16006,"level":30,"msg":"Server started on 8088","time":"2021-12-14T18:48:01.045Z","v":0}
{"name":"sorting-demo","version":"1.0.0","hostname":"v8","pid":16006,"level":30,"msg":"Calling github url https://api.github.com/search/repositories?q=page=1&forks:>=0&stars:>=0&sort=updated&order=asc&per_page=2","time":"2021-12-14T18:50:28.248Z","v":0}
